2020-12-06 13:21:22,793 - Send SMS - ERROR - name 'myTwilioNumber' is not defined
2020-12-06 13:22:34,429 - Send SMS - ERROR - 
[31m[49mHTTP Error[0m [37m[49mYour request was:[0m

[36m[49mPOST /Accounts/ACc6452d832841808af0474692175c4b9e/Messages.json[0m

[37m[49mTwilio returned the following information:[0m

[34m[49mUnable to create record: The 'From' number (205) 574-3834 is not a valid phone number, shortcode, or alphanumeric sender ID.[0m

[37m[49mMore information may be available here:[0m

[34m[49mhttps://www.twilio.com/docs/errors/21212[0m


2020-12-06 13:23:37,969 - Send SMS - ERROR - 
[31m[49mHTTP Error[0m [37m[49mYour request was:[0m

[36m[49mPOST /Accounts/ACc6452d832841808af0474692175c4b9e/Messages.json[0m

[37m[49mTwilio returned the following information:[0m

[34m[49mUnable to create record: The 'From' number 205574-3834 is not a valid phone number, shortcode, or alphanumeric sender ID.[0m

[37m[49mMore information may be available here:[0m

[34m[49mhttps://www.twilio.com/docs/errors/21212[0m


2020-12-06 13:23:51,916 - Send SMS - ERROR - 
[31m[49mHTTP Error[0m [37m[49mYour request was:[0m

[36m[49mPOST /Accounts/ACc6452d832841808af0474692175c4b9e/Messages.json[0m

[37m[49mTwilio returned the following information:[0m

[34m[49mUnable to create record: The 'From' number 2055743834 is not a valid phone number, shortcode, or alphanumeric sender ID.[0m

[37m[49mMore information may be available here:[0m

[34m[49mhttps://www.twilio.com/docs/errors/21212[0m


2020-12-06 14:56:02,237 - Metadata - ERROR - Invalid API key
2020-12-06 15:16:36,972 - WebScraping - ERROR - [WinError 123] El nombre de archivo, el nombre de directorio o la sintaxis de la etiqueta del volumen no son correctos: 'https:'
2020-12-06 15:17:54,264 - WebScraping - ERROR - [WinError 123] El nombre de archivo, el nombre de directorio o la sintaxis de la etiqueta del volumen no son correctos: 'https:'
2020-12-06 15:19:18,980 - WebScraping - ERROR - [WinError 123] El nombre de archivo, el nombre de directorio o la sintaxis de la etiqueta del volumen no son correctos: 'https:'
2020-12-06 15:20:17,037 - WebScraping - ERROR - [WinError 123] El nombre de archivo, el nombre de directorio o la sintaxis de la etiqueta del volumen no son correctos: 'https:'
2020-12-06 15:22:12,037 - WebScraping - ERROR - [WinError 123] El nombre de archivo, el nombre de directorio o la sintaxis de la etiqueta del volumen no son correctos: '//'
2020-12-06 15:22:56,870 - WebScraping - ERROR - [Errno 2] No such file or directory: 'Scraping/sliderHome_2020-1.jpg'
2020-12-06 15:32:39,965 - WebScraping - ERROR - Invalid URL 'None': No schema supplied. Perhaps you meant http://None?
2020-12-08 02:23:29,434 - Encrypt - ERROR - [Errno 13] Permission denied: 'C:/Users/Adrian/Downloads/clase ciberseguridad'
2020-12-08 02:23:29,463 - Encrypt - ERROR - [Errno 13] Permission denied: 'C:/Users/Adrian/Downloads/desktop.ini'
2020-12-08 02:23:29,463 - Encrypt - ERROR - [Errno 13] Permission denied: 'C:/Users/Adrian/Downloads/desktop.ini'
2020-12-08 02:23:30,527 - Encrypt - ERROR - [Errno 13] Permission denied: 'C:/Users/Adrian/Downloads/PIA_POO'
2020-12-08 02:23:30,527 - Encrypt - ERROR - [Errno 13] Permission denied: 'C:/Users/Adrian/Downloads/PIA_POO'
2020-12-08 02:23:30,527 - Encrypt - ERROR - [Errno 13] Permission denied: 'C:/Users/Adrian/Downloads/PIA_POO'
2020-12-08 02:23:30,779 - Encrypt - ERROR - [Errno 13] Permission denied: 'C:/Users/Adrian/Downloads/prueba'
2020-12-08 02:23:30,779 - Encrypt - ERROR - [Errno 13] Permission denied: 'C:/Users/Adrian/Downloads/prueba'
2020-12-08 02:23:30,779 - Encrypt - ERROR - [Errno 13] Permission denied: 'C:/Users/Adrian/Downloads/prueba'
2020-12-08 02:23:30,779 - Encrypt - ERROR - [Errno 13] Permission denied: 'C:/Users/Adrian/Downloads/prueba'
2020-12-08 02:24:32,786 - Encrypt - ERROR - [Errno 13] Permission denied: 'C:/Users/Adrian/Downloads/__pycache__'
2020-12-08 02:24:32,786 - Encrypt - ERROR - [Errno 13] Permission denied: 'C:/Users/Adrian/Downloads/__pycache__'
2020-12-08 02:24:32,786 - Encrypt - ERROR - [Errno 13] Permission denied: 'C:/Users/Adrian/Downloads/__pycache__'
2020-12-08 02:24:32,786 - Encrypt - ERROR - [Errno 13] Permission denied: 'C:/Users/Adrian/Downloads/__pycache__'
2020-12-08 02:24:32,786 - Encrypt - ERROR - [Errno 13] Permission denied: 'C:/Users/Adrian/Downloads/__pycache__'
2020-12-08 02:38:30,859 - Encrypt - ERROR - [Errno 13] Permission denied: 'C:/Users/Adrian/Downloads/clase ciberseguridad'
2020-12-08 02:38:30,905 - Encrypt - ERROR - 
2020-12-08 02:38:30,905 - Encrypt - ERROR - 
2020-12-08 02:38:33,656 - Encrypt - ERROR - [Errno 13] Permission denied: 'C:/Users/Adrian/Downloads/PIA_POO'
2020-12-08 02:38:33,656 - Encrypt - ERROR - [Errno 13] Permission denied: 'C:/Users/Adrian/Downloads/PIA_POO'
2020-12-08 02:38:33,656 - Encrypt - ERROR - [Errno 13] Permission denied: 'C:/Users/Adrian/Downloads/PIA_POO'
2020-12-08 02:38:33,909 - Encrypt - ERROR - [Errno 13] Permission denied: 'C:/Users/Adrian/Downloads/prueba'
2020-12-08 02:38:33,909 - Encrypt - ERROR - [Errno 13] Permission denied: 'C:/Users/Adrian/Downloads/prueba'
2020-12-08 02:38:33,909 - Encrypt - ERROR - [Errno 13] Permission denied: 'C:/Users/Adrian/Downloads/prueba'
2020-12-08 02:38:33,909 - Encrypt - ERROR - [Errno 13] Permission denied: 'C:/Users/Adrian/Downloads/prueba'
2020-12-08 02:39:10,532 - Encrypt - ERROR - [Errno 13] Permission denied: 'C:/Users/Adrian/Downloads/__pycache__'
2020-12-08 02:39:10,532 - Encrypt - ERROR - [Errno 13] Permission denied: 'C:/Users/Adrian/Downloads/__pycache__'
2020-12-08 02:39:10,532 - Encrypt - ERROR - [Errno 13] Permission denied: 'C:/Users/Adrian/Downloads/__pycache__'
2020-12-08 02:39:10,532 - Encrypt - ERROR - [Errno 13] Permission denied: 'C:/Users/Adrian/Downloads/__pycache__'
2020-12-08 02:39:10,532 - Encrypt - ERROR - [Errno 13] Permission denied: 'C:/Users/Adrian/Downloads/__pycache__'
